<?xml version="1.0" encoding="UTF-8"?>
<!-- Generated by org.testng.reporters.JUnitReportReporter -->
<testsuite hostname="Confluxsyss-Mac-mini-Aniket.local" failures="0" tests="28" name="com.github.fge.jsonpatch.diff.JsonDiffTest" time="0.212" errors="0" timestamp="2022-12-01T17:15:36 IST" skipped="0">
  <testcase classname="com.github.fge.jsonpatch.diff.JsonDiffTest" name="generatedPatchesAreWhatIsExpected" time="0.004"/>
  <system-out/>
  <testcase classname="com.github.fge.jsonpatch.diff.JsonDiffTest" name="generatedPatchAppliesCleanly" time="0.002"/>
  <system-out/>
  <testcase classname="com.github.fge.jsonpatch.diff.JsonDiffTest" name="generatedPatchAppliesCleanly" time="0.004"/>
  <system-out/>
  <testcase classname="com.github.fge.jsonpatch.diff.JsonDiffTest" name="generatedPatchAppliesCleanly" time="0.003"/>
  <system-out/>
  <testcase classname="com.github.fge.jsonpatch.diff.JsonDiffTest" name="generatedPatchAppliesCleanly" time="0.001"/>
  <system-out/>
  <testcase classname="com.github.fge.jsonpatch.diff.JsonDiffTest" name="generatedPatchAppliesCleanly" time="0.001"/>
  <system-out/>
  <testcase classname="com.github.fge.jsonpatch.diff.JsonDiffTest" name="generatedPatchesAreWhatIsExpected" time="0.006"/>
  <system-out/>
  <testcase classname="com.github.fge.jsonpatch.diff.JsonDiffTest" name="generatedPatchesAreWhatIsExpected" time="0.001"/>
  <system-out/>
  <testcase classname="com.github.fge.jsonpatch.diff.JsonDiffTest" name="generatedPatchesAreWhatIsExpected" time="0.005"/>
  <system-out/>
  <testcase classname="com.github.fge.jsonpatch.diff.JsonDiffTest" name="generatedPatchAppliesCleanly" time="0.003"/>
  <system-out/>
  <testcase classname="com.github.fge.jsonpatch.diff.JsonDiffTest" name="generatedPatchesAreWhatIsExpected" time="0.003"/>
  <system-out/>
  <testcase classname="com.github.fge.jsonpatch.diff.JsonDiffTest" name="generatedPatchesAreWhatIsExpected" time="0.004"/>
  <system-out/>
  <testcase classname="com.github.fge.jsonpatch.diff.JsonDiffTest" name="generatedPatchesAreWhatIsExpected" time="0.003"/>
  <system-out/>
  <testcase classname="com.github.fge.jsonpatch.diff.JsonDiffTest" name="generatedPatchesAreWhatIsExpected" time="0.021"/>
  <system-out/>
  <testcase classname="com.github.fge.jsonpatch.diff.JsonDiffTest" name="generatedPatchesAreWhatIsExpected" time="0.004"/>
  <system-out/>
  <testcase classname="com.github.fge.jsonpatch.diff.JsonDiffTest" name="generatedPatchAppliesCleanly" time="0.006"/>
  <system-out/>
  <testcase classname="com.github.fge.jsonpatch.diff.JsonDiffTest" name="generatedPatchAppliesCleanly" time="0.002"/>
  <system-out/>
  <testcase classname="com.github.fge.jsonpatch.diff.JsonDiffTest" name="generatedPatchAppliesCleanly" time="0.001"/>
  <system-out/>
  <testcase classname="com.github.fge.jsonpatch.diff.JsonDiffTest" name="generatedPatchAppliesCleanly" time="0.088"/>
  <system-out/>
  <testcase classname="com.github.fge.jsonpatch.diff.JsonDiffTest" name="generatedPatchesAreWhatIsExpected" time="0.003"/>
  <system-out/>
  <testcase classname="com.github.fge.jsonpatch.diff.JsonDiffTest" name="generatedPatchesAreWhatIsExpected" time="0.001"/>
  <system-out/>
  <testcase classname="com.github.fge.jsonpatch.diff.JsonDiffTest" name="generatedPatchesAreWhatIsExpected" time="0.002"/>
  <system-out/>
  <testcase classname="com.github.fge.jsonpatch.diff.JsonDiffTest" name="generatedPatchAppliesCleanly" time="0.002"/>
  <system-out/>
  <testcase classname="com.github.fge.jsonpatch.diff.JsonDiffTest" name="generatedPatchesAreWhatIsExpected" time="0.022"/>
  <system-out/>
  <testcase classname="com.github.fge.jsonpatch.diff.JsonDiffTest" name="generatedPatchesAreWhatIsExpected" time="0.002"/>
  <system-out/>
  <testcase classname="com.github.fge.jsonpatch.diff.JsonDiffTest" name="generatedPatchAppliesCleanly" time="0.002"/>
  <system-out/>
  <testcase classname="com.github.fge.jsonpatch.diff.JsonDiffTest" name="generatedPatchAppliesCleanly" time="0.011"/>
  <system-out/>
  <testcase classname="com.github.fge.jsonpatch.diff.JsonDiffTest" name="generatedPatchAppliesCleanly" time="0.005"/>
  <system-out/>
</testsuite> <!-- com.github.fge.jsonpatch.diff.JsonDiffTest -->
