<?xml version="1.0" encoding="UTF-8"?>
<!-- Generated by org.testng.reporters.JUnitReportReporter -->
<testsuite hostname="Confluxsyss-Mac-mini-Aniket.local" failures="0" tests="1" name="com.github.fge.jsonpatch.RemoveOperationTest" time="0.171" errors="0" timestamp="2022-12-02T14:16:16 IST" skipped="0">
  <testcase classname="com.github.fge.jsonpatch.RemoveOperationTest" name="removingRootReturnsMissingNode" time="0.171"/>
  <system-out/>
</testsuite> <!-- com.github.fge.jsonpatch.RemoveOperationTest -->
