<?xml version="1.0" encoding="UTF-8"?>
<testsuite name="com.github.fge.jsonpatch.RemoveOperationTest" tests="1" skipped="0" failures="0" errors="0" timestamp="2022-12-02T08:46:13" hostname="Confluxsyss-Mac-mini-Aniket.local" time="0.171">
  <properties/>
  <testcase name="removingRootReturnsMissingNode" classname="com.github.fge.jsonpatch.RemoveOperationTest" time="0.171"/>
  <system-out><![CDATA[]]></system-out>
  <system-err><![CDATA[]]></system-err>
</testsuite>
